<?xml version="1.0" encoding="UTF-8"?>
<!-- Generated by org.testng.reporters.JUnitReportReporter -->
<testsuite skipped="0" hostname="vijay" name="org.parametters.B" tests="3" failures="0" timestamp="01 Jun 2022 10:53:40 GMT" time="0.002" errors="0">
  <testcase name="testb2" time="0.001" classname="org.parametters.B"/>
  <testcase name="testa1" time="0.000" classname="org.parametters.B"/>
  <testcase name="testb3" time="0.001" classname="org.parametters.B"/>
</testsuite> <!-- org.parametters.B -->
