<?xml version="1.0" encoding="UTF-8"?>
<!-- Generated by org.testng.reporters.JUnitReportReporter -->
<testsuite skipped="0" hostname="vijay" name="org.dataprovider.b1" tests="3" failures="0" timestamp="13 Jul 2022 13:41:56 GMT" time="0.015" errors="0">
  <testcase name="testb1" time="0.011" classname="org.dataprovider.b1"/>
  <testcase name="testb3" time="0.002" classname="org.dataprovider.b1"/>
  <testcase name="testb2" time="0.002" classname="org.dataprovider.b1"/>
</testsuite> <!-- org.dataprovider.b1 -->
