<?xml version="1.0" encoding="UTF-8"?>
<!-- Generated by org.testng.reporters.JUnitReportReporter -->
<testsuite skipped="0" hostname="vijay" name="org.test.SteptestNg" tests="4" failures="0" timestamp="30 May 2022 07:52:37 GMT" time="0.012" errors="0">
  <testcase name="test4" time="0.004" classname="org.test.SteptestNg"/>
  <testcase name="test1" time="0.001" classname="org.test.SteptestNg"/>
  <testcase name="test2" time="0.000" classname="org.test.SteptestNg"/>
  <testcase name="test3" time="0.007" classname="org.test.SteptestNg"/>
</testsuite> <!-- org.test.SteptestNg -->
