<?xml version="1.0" encoding="UTF-8"?>
<!-- Generated by org.testng.reporters.JUnitReportReporter -->
<testsuite skipped="0" hostname="vijay" name="org.parametters.A" tests="3" failures="0" timestamp="01 Jun 2022 10:53:40 GMT" time="0.010" errors="0">
  <testcase name="testa1" time="0.008" classname="org.parametters.A"/>
  <testcase name="testa2" time="0.001" classname="org.parametters.A"/>
  <testcase name="testa3" time="0.001" classname="org.parametters.A"/>
</testsuite> <!-- org.parametters.A -->
