<?xml version="1.0" encoding="UTF-8"?>
<!-- Generated by org.testng.reporters.JUnitReportReporter -->
<testsuite skipped="0" hostname="vijay" name="org.test.BrowersLaunch" tests="1" failures="0" timestamp="31 May 2022 06:43:18 GMT" time="0.915" errors="0">
  <testcase name="test1" time="0.915" classname="org.test.BrowersLaunch"/>
</testsuite> <!-- org.test.BrowersLaunch -->
